MPASM 5.87                          PICS.ASM   6-7-2024  22:07:54         PAGE  1


LOC  OBJECT CODE     LINE SOURCE TEXT
  VALUE

Warning[205]: Found directive in column 1. (LIST)
                      00001 LIST P=16F887  
                      00002 #include "p16f887.inc"
                      00001         LIST
                      00002 
                      00003 ;==========================================================================
                      00004 ; Build date : Jan 06 2020
                      00005 ;  MPASM PIC16F887 processor include
                      00006 ; 
                      00007 ;  (c) Copyright 1999-2020 Microchip Technology, All rights reserved
                      00008 ;==========================================================================
                      00009 
                      00810         LIST
                      00003 
2007   2FF6           00004     __CONFIG _CONFIG1, _FOSC_EXTRC_NOCLKOUT & _WDTE_OFF & _PWRTE_OFF & _MCLRE_ON & _CP_OFF & _CPD_OFF & 
                            _BOREN_ON & _IESO_ON & _FCMEN_ON & _LVP_OFF
2008   3FFF           00005     __CONFIG _CONFIG2, _BOR4V_BOR40V & _WRT_OFF
                      00006     
                      00007     
                      00008     ;<<<<<<<<<<<<<<<<<<<<<<<<<<<<<<< DEFINICIOINES >>>>>>>>>>>>>>>>>>>>>>>>>>>>>>>>>>>>>>>>>>>>>>
                      00009     ;-------------------------------------------------------------------------------------------
Warning[207]: Found label after column 1. (TIMER_Z_CROSS)
  00000040            00010     TIMER_Z_CROSS   EQU 0x40        ;CONTADOR PARA HACER RETARDO
                      00011     
Warning[207]: Found label after column 1. (CONTA_Z)
  00000024            00012     CONTA_Z EQU 0X24        ;CONTADOR DE CRUCES POR CERO (SIEMPRE VALE 2: LEER CHECK_ZERO_CROSS)
Warning[207]: Found label after column 1. (FREQ_L)
  00000022            00013     FREQ_L EQU 0x22         ;CONTADOR DE LECTURA DE LA FRECUENCIA (NIBBLE INFERIOR)
Warning[207]: Found label after column 1. (CONTA)
  00000021            00014     CONTA  EQU 0x21         ;CONTADOR AUXILIAR PARA EL CONTEO DE 1 SEGUNDO DEL TMR1
Warning[207]: Found label after column 1. (AUX)
  00000020            00015     AUX    EQU 0x20         ;AUXILIAR PARA CADA CASO    
Warning[207]: Found label after column 1. (FREQ_H)
  00000023            00016     FREQ_H EQU 0x23         ;CONTADOR DE LECTURA DE LA FRECUENCIA (NIBBLE SUPERIOR)
Warning[207]: Found label after column 1. (FREQ_L_TO_COMPARE)
  00000025            00017     FREQ_L_TO_COMPARE EQU       0X25    ;CONTADOR DE ESCRITURA DE LA FRECUENCIA (NIBBLE INFERIOR)       
Warning[207]: Found label after column 1. (FREQ_H_TO_COMPARE)
  00000026            00018     FREQ_H_TO_COMPARE EQU       0X26    ;CONTADOR DE ESCRITURA DE LA FRECUENCIA (NIBBLE SUPERIOR)
Warning[207]: Found label after column 1. (TUNING_STR_L)
  00000050            00019     TUNING_STR_L EQU 0X50
Warning[207]: Found label after column 1. (TUNING_STR_H)
  00000051            00020     TUNING_STR_H EQU 0X51           ;FREQ SELECCIONADA PARA SER AFINADA
Warning[207]: Found label after column 1. (DIF_FREQ_L)
  00000052            00021     DIF_FREQ_L  EQU 0x52    
Warning[207]: Found label after column 1. (DIF_FREQ_H)
  00000053            00022     DIF_FREQ_H EQU 0x53             ;DIFERENCIA DE AFINACIONES ENTRE COMPARE Y TUNING   
                      00023         
                      00024     ;-------------->>>>>> FRECUENCIAS GUITARRA <H:L> <<<<<------------------------------
                      00025     CBLOCK 0X27         
                      00026     
  00000027            00027     E1_STR_L       
  00000028            00028     E1_STR_H        ;CUERDA 1: MI - 330Hz 
  00000029            00029     B_STR_L         
MPASM 5.87                          PICS.ASM   6-7-2024  22:07:54         PAGE  2


LOC  OBJECT CODE     LINE SOURCE TEXT
  VALUE

  0000002A            00030     B_STR_H         ;CUERDA 2: SI - 246Hz
  0000002B            00031     G_STR_L         
  0000002C            00032     G_STR_H         ;CUERDA 3: SOL - 196H
  0000002D            00033     D_STR_L        
  0000002E            00034     D_STR_H         ;CUERDA 4: RE - 146Hz
  0000002F            00035     A_STR_L        
  00000030            00036     A_STR_H         ;CUERDA 5: LA - 110Hz
  00000031            00037     E2_STR_L        
  00000032            00038     E2_STR_H        ;CUERDA 6: MI - 82Hz
                      00039     ENDC
                      00040     ;------------------------------------------------------------------------------
                      00041     ;------------------------------------------------------------------------------------
                      00042     
                      00043     ORG 0x00
0000   2???           00044     GOTO INICIO
                      00045 
                      00046     ORG 0x04
0004   2???           00047     GOTO INT
                      00048     
0005                  00049 INICIO
                      00050     ;CARGA DE VALORES EN CUERDAS DE GUITARRA    valores estaticos y finales!!<<<<<<<<<<<<<<<<<<<<<<<<<<<
                            <<
                      00051     
0005   1283 1303      00052     BANKSEL PORTB
0007   304A           00053     MOVLW   0x4A
0008   00A7           00054     MOVWF   E1_STR_L
0009   3001           00055     MOVLW   0x01
000A   00A8           00056     MOVWF   E1_STR_H
000B   30F6           00057     MOVLW   0xF6
000C   00A9           00058     MOVWF   B_STR_L
000D   3000           00059     MOVLW   0x00
000E   00AA           00060     MOVWF   B_STR_H
000F   30C4           00061     MOVLW   0xC4
0010   00AB           00062     MOVWF   G_STR_L
0011   3000           00063     MOVLW   0x00
0012   00AC           00064     MOVWF   G_STR_H
0013   3092           00065     MOVLW   0x92
0014   00AD           00066     MOVWF   D_STR_L
0015   3000           00067     MOVLW   0x00
0016   00AE           00068     MOVWF   D_STR_H
0017   306E           00069     MOVLW   0x6E
0018   00AF           00070     MOVWF   A_STR_L
0019   3000           00071     MOVLW   0x00
001A   00B0           00072     MOVWF   A_STR_H
001B   3052           00073     MOVLW   0x52
001C   00B1           00074     MOVWF   E2_STR_L
001D   3000           00075     MOVLW   0x00
001E   00B1           00076     MOVWF   E2_STR_L
                      00077     
                      00078     ;PRUEBAS
                      00079     
001F   0827           00080     MOVF    E1_STR_L, 0
0020   00D0           00081     MOVWF   TUNING_STR_L
MPASM 5.87                          PICS.ASM   6-7-2024  22:07:54         PAGE  3


LOC  OBJECT CODE     LINE SOURCE TEXT
  VALUE

0021   0828           00082     MOVF    E1_STR_H, 0
0022   00D1           00083     MOVWF   TUNING_STR_H
                      00084     
                      00085     ;<<<<<<<<<<<<<<<<<<<<<<<<<<<<<<<<<<<<<<<<<<<<<<<<<<<<<<<<<<<<<<<<<<<<<<<<<
                      00086     
                      00087     
                      00088     ;COMPARADOR ANALOGICO (CRUCES POR 0)<<<<<<<<<<<<<<<<<<<<<<<<<<<
0023   1683 1303      00089     BANKSEL TRISA
Message[302]: Register in operand not in bank 0.  Ensure that bank bits are correct.
0025   1405           00090     BSF TRISA, 0
Message[302]: Register in operand not in bank 0.  Ensure that bank bits are correct.
0026   1585           00091     BSF TRISA, 3
0027   1683 1703      00092     BANKSEL ANSEL
Message[302]: Register in operand not in bank 0.  Ensure that bank bits are correct.
0029   1588           00093     BSF ANSEL, 3
002A   1283 1703      00094     BANKSEL CM1CON0
Message[302]: Register in operand not in bank 0.  Ensure that bank bits are correct.
002C   1787           00095     BSF CM1CON0, 7
002D   1683 1303      00096      BANKSEL PIE2
002F   3020           00097     MOVLW   B'00100000'
Message[302]: Register in operand not in bank 0.  Ensure that bank bits are correct.
0030   008D           00098     MOVWF   PIE2
                      00099     ; --------------------------------------------
                      00100     ; -----------------------------------------------
0031   1283 1303      00101     BANKSEL PORTA
0033   3002           00102     MOVLW   0X02
0034   00A4           00103     MOVWF   CONTA_Z             
0035   01A2           00104     CLRF FREQ_L
0036   01A3           00105     CLRF FREQ_H
0037   01A5           00106     CLRF FREQ_L_TO_COMPARE
0038   01A6           00107     CLRF FREQ_H_TO_COMPARE
0039   3010           00108     MOVLW .16
003A   00A1           00109     MOVWF CONTA
003B   01A0           00110     CLRF AUX
003C   1683 1303      00111     BANKSEL TRISB
Message[302]: Register in operand not in bank 0.  Ensure that bank bits are correct.
003E   0186           00112     CLRF TRISB
Message[302]: Register in operand not in bank 0.  Ensure that bank bits are correct.
003F   0188           00113     CLRF TRISD
0040   1283 1303      00114     BANKSEL PORTB
0042   0186           00115     CLRF PORTB
0043   0188           00116     CLRF PORTD
                      00117   
                      00118   ; RETARDO <<<<<<<<<<<<<<<<<<<<<<<<<<<<<<<<<<<<<<<<<<
0044   1283 1303      00119     BANKSEL PORTB
0046   30FF           00120     MOVLW   .255
0047   00C0           00121     MOVWF   TIMER_Z_CROSS
                      00122   ; TMR1 <<<<<<<<<<<<<<<<<<<<<<<<<<<<<<<<<<<<<<<<<<<<<
0048   1283 1303      00123     BANKSEL TMR1H
004A   300B           00124     MOVLW 0x0B
004B   008F           00125     MOVWF TMR1H
004C   30DC           00126     MOVLW 0xDC
004D   008E           00127     MOVWF TMR1L
MPASM 5.87                          PICS.ASM   6-7-2024  22:07:54         PAGE  4


LOC  OBJECT CODE     LINE SOURCE TEXT
  VALUE

                      00128     
004E   1283 1303      00129     BANKSEL T1CON
0050   3011           00130     MOVLW b'00010001' 
0051   0090           00131     MOVWF T1CON
                      00132     
0052   1683 1303      00133     BANKSEL PIE1
Message[302]: Register in operand not in bank 0.  Ensure that bank bits are correct.
0054   140C           00134     BSF PIE1, TMR1IE 
                      00135     ;-------------------------------------------------------
                      00136     
0055   30E0           00137     MOVLW b'11100000'
0056   008B           00138     MOVWF INTCON 
                      00139     
0057   2???           00140     GOTO MAIN
                      00141 ;<<<<<<<<<<<<<<<<<<<<<<<<<<MAIN>>>>>>>>>>>>>>>>>>>>>>>>>>>>>>>>>
                      00142 ;<<<<<<<<<<<<<<<<<<<<<>>>>>>>>>>>>>>>>>>>>>>>>>>>>>>>>>>>>>>
                      00143 
                      00144 
0058                  00145 MAIN
                      00146    
0058   1283 1303      00147    BANKSEL PORTB
005A   0825           00148    MOVF FREQ_L_TO_COMPARE, W
005B   0086           00149    MOVWF    PORTB
005C   1283 1303      00150    BANKSEL PORTD
005E   0826           00151    MOVF FREQ_H_TO_COMPARE, W
005F   0088           00152    MOVWF    PORTD
                      00153    
0060   2???           00154    GOTO MAIN
                      00155  
                      00156     ;<<<<<<<<<<<<<<<<<<<<EXPLICACION: FREQ_CATCHED >>>>>>>>>>>>>>>>>>>>>>>>>>>>
                      00157     ;------- Cuando el TMR1 cumple un segundo (teniendo tambien en cuenta
                      00158     ; el contador (CONTA), se toma la frecuencia medida en los registros
                      00159     ; <FREQ_H : FREQ_L> y se escriben en sus respectivos <x_TO_COMPARE>
                      00160     ;para ser escritos en los puertos o ser manejados en el main. Luego se
                      00161     ;borra el contenido de <FREQ_H : FREQ_L> para tomar muestras nuevamente en
                      00162     ;un nuevo recuento del TMR1
                      00163     ;---------------------------------------------------------------------------
0061                  00164 FREQ_CATCHED    
                      00165             
0061   1283 1303      00166     BANKSEL TMR1H
0063   300B           00167     MOVLW 0x0B
0064   008F           00168     MOVWF TMR1H
0065   30DC           00169     MOVLW 0xDC
0066   008E           00170     MOVWF TMR1L
                      00171     
0067   1283 1303      00172     BANKSEL PORTA
Message[305]: Using default destination of 1 (file).
0069   0BA1           00173     DECFSZ CONTA
006A   0008           00174     RETURN
                      00175     
006B   1283 1303      00176     BANKSEL PORTB
006D   0822           00177     MOVF    FREQ_L, 0
006E   00A5           00178     MOVWF FREQ_L_TO_COMPARE
MPASM 5.87                          PICS.ASM   6-7-2024  22:07:54         PAGE  5


LOC  OBJECT CODE     LINE SOURCE TEXT
  VALUE

006F   01A2           00179     CLRF    FREQ_L
0070   0823           00180     MOVF    FREQ_H, 0
0071   00A6           00181     MOVWF   FREQ_H_TO_COMPARE
0072   01A3           00182     CLRF    FREQ_H
0073   3010           00183     MOVLW .16
0074   00A1           00184     MOVWF CONTA
                      00185     
0075   0008           00186     RETURN
                      00187 
                      00188     ;<<<<<<<<<<<<<<<<<<<<EXPLICACION: INC_FREQ >>>>>>>>>>>>>>>>>>>>>>>>>>>>
                      00189     ;------- incrementa el par <FREQ_H : FREQ_L>.
                      00190     ;---------------------------------------------------------------------------
0076                  00191 INC_FREQ
0076   1283 1303      00192     BANKSEL PORTB
0078   0AA2           00193     INCF    FREQ_L, F
0079   1D03           00194     BTFSS   STATUS, Z   ;DESBORDAMIENTO DEL FREQ_L
007A   0008           00195     RETURN
007B   0AA3           00196     INCF    FREQ_H, F
007C   01A2           00197     CLRF    FREQ_L
007D   0008           00198     RETURN
                      00199         
                      00200      ;<<<<<<<<<<<<<<<<<<<<EXPLICACION: CHECK_ZERO_CROSS >>>>>>>>>>>>>>>>>>>>>>>>>>>>
                      00201     ;------- La rutina de interrupciones manda a este lugar cuando el comparador
                      00202     ;detectó un cruce por cero. Como en un periodo de 
                      00203     ; la onda senoidal existen dos cruces por cero,
                      00204     ;es necesario contar un unico cruce "cada dos cruces reales" para obtener
                      00205     ;una señal cuadrada de la misma frecuencia que la senoidal.
                      00206     ;---------------------------------------------------------------------------
007E                  00207 CHECK_ZERO_CROSS
007E   2???           00208     CALL    RETARDO
007F   1283 1303      00209     BANKSEL PIR2
0081   1E8D           00210     BTFSS PIR2, 5
0082   0009           00211     RETFIE
0083   1283 1303      00212     BANKSEL PORTA
Message[305]: Using default destination of 1 (file).
0085   0BA4           00213     DECFSZ CONTA_Z
0086   2???           00214     GOTO END_INT_ZERO_CROSS
0087   1283 1303      00215     BANKSEL PORTB
0089   3002           00216     MOVLW   0x02
008A   00A4           00217     MOVWF   CONTA_Z
008B   2???           00218     CALL INC_FREQ
008C   2???           00219     GOTO END_INT_ZERO_CROSS
                      00220     
                      00221     ;<<<<<<<<<<<<<<<<<<<<EXPLICACION: END_INT_ZERO_CROSS >>>>>>>>>>>>>>>>>>>>>>>>>>>>
                      00222     ;------- Fin comun para los casos del cruce por cero. Retorna de interrupcion
                      00223     ;---------------------------------------------------------------------------
008D                  00224 END_INT_ZERO_CROSS
008D   1283 1303      00225     BANKSEL PIR2
008F   128D           00226     BCF PIR2, 5
0090   0009           00227     RETFIE
                      00228     
0091                  00229 RETARDO
0091   1283 1303      00230     BANKSEL PORTB
MPASM 5.87                          PICS.ASM   6-7-2024  22:07:54         PAGE  6


LOC  OBJECT CODE     LINE SOURCE TEXT
  VALUE

Message[305]: Using default destination of 1 (file).
0093   0BC0           00231     DECFSZ  TIMER_Z_CROSS
0094   2???           00232     GOTO    RETARDO
0095   30FF           00233     MOVLW   .255
0096   00C0           00234     MOVWF   TIMER_Z_CROSS
0097   2???           00235     GOTO    RETARDO2
                      00236     
0098                  00237 RETARDO2
0098   1283 1303      00238     BANKSEL PORTB
Message[305]: Using default destination of 1 (file).
009A   0BC0           00239     DECFSZ  TIMER_Z_CROSS
009B   2???           00240     GOTO    RETARDO2
009C   30FF           00241     MOVLW   .255
009D   00C0           00242     MOVWF   TIMER_Z_CROSS
009E   0008           00243     RETURN
009F                  00244 INT
                      00245     
009F   1283 1303      00246     BANKSEL PIR1
00A1   1C0C           00247     BTFSS PIR1, TMR1IF
00A2   2???           00248     GOTO CHECK_ZERO_CROSS
00A3   2???           00249     CALL FREQ_CATCHED
00A4   1283 1303      00250     BANKSEL PIR1
00A6   100C           00251     BCF PIR1, TMR1IF
00A7                  00252     RETFIE 
Warning[205]: Found directive in column 1. (END)
2FF6 3FFF             00253 END
MPASM 5.87                          PICS.ASM   6-7-2024  22:07:54         PAGE  7


SYMBOL TABLE
  LABEL                             VALUE 

ABDEN                             00000000
ABDOVF                            00000007
ACKDT                             00000005
ACKEN                             00000004
ACKSTAT                           00000006
ADCON0                            0000001F
ADCON1                            0000009F
ADCS0                             00000006
ADCS1                             00000007
ADDEN                             00000003
ADFM                              00000007
ADIE                              00000006
ADIF                              00000006
ADON                              00000000
ADRESH                            0000001E
ADRESL                            0000009E
ANS0                              00000000
ANS1                              00000001
ANS10                             00000002
ANS11                             00000003
ANS12                             00000004
ANS13                             00000005
ANS2                              00000002
ANS3                              00000003
ANS4                              00000004
ANS5                              00000005
ANS6                              00000006
ANS7                              00000007
ANS8                              00000000
ANS9                              00000001
ANSEL                             00000188
ANSELH                            00000189
AUX                               00000020
A_STR_H                           00000030
A_STR_L                           0000002F
BAUDCTL                           00000187
BCLIE                             00000003
BCLIF                             00000003
BF                                00000000
BRG0                              00000000
BRG1                              00000001
BRG10                             00000002
BRG11                             00000003
BRG12                             00000004
BRG13                             00000005
BRG14                             00000006
BRG15                             00000007
BRG16                             00000003
BRG2                              00000002
BRG3                              00000003
BRG4                              00000004
BRG5                              00000005
BRG6                              00000006
MPASM 5.87                          PICS.ASM   6-7-2024  22:07:54         PAGE  8


SYMBOL TABLE
  LABEL                             VALUE 

BRG7                              00000007
BRG8                              00000000
BRG9                              00000001
BRGH                              00000002
B_STR_H                           0000002A
B_STR_L                           00000029
C                                 00000000
C1CH0                             00000000
C1CH1                             00000001
C1IE                              00000005
C1IF                              00000005
C1OE                              00000005
C1ON                              00000007
C1OUT                             00000006
C1POL                             00000004
C1R                               00000002
C1RSEL                            00000005
C1SEN                             00000005
C2CH0                             00000000
C2CH1                             00000001
C2IE                              00000006
C2IF                              00000006
C2OE                              00000005
C2ON                              00000007
C2OUT                             00000006
C2POL                             00000004
C2R                               00000002
C2REN                             00000004
C2RSEL                            00000004
C2SYNC                            00000000
CCP1CON                           00000017
CCP1IE                            00000002
CCP1IF                            00000002
CCP1M0                            00000000
CCP1M1                            00000001
CCP1M2                            00000002
CCP1M3                            00000003
CCP1X                             00000005
CCP1Y                             00000004
CCP2CON                           0000001D
CCP2IE                            00000000
CCP2IF                            00000000
CCP2M0                            00000000
CCP2M1                            00000001
CCP2M2                            00000002
CCP2M3                            00000003
CCP2X                             00000005
CCP2Y                             00000004
CCPR1                             00000015
CCPR1H                            00000016
CCPR1L                            00000015
CCPR2                             0000001B
CCPR2H                            0000001C
MPASM 5.87                          PICS.ASM   6-7-2024  22:07:54         PAGE  9


SYMBOL TABLE
  LABEL                             VALUE 

CCPR2L                            0000001B
CHECK_ZERO_CROSS                  0000007E
CHS0                              00000002
CHS1                              00000003
CHS2                              00000004
CHS3                              00000005
CKE                               00000006
CKP                               00000004
CM1CON0                           00000107
CM2CON0                           00000108
CM2CON1                           00000109
CONTA                             00000021
CONTA_Z                           00000024
CREN                              00000004
CSRC                              00000007
D                                 00000005
DATA_ADDRESS                      00000005
DC                                00000001
DC1B0                             00000004
DC1B1                             00000005
DC2B0                             00000004
DC2B1                             00000005
DIF_FREQ_H                        00000053
DIF_FREQ_L                        00000052
D_A                               00000005
D_NOT_A                           00000005
D_STR_H                           0000002E
D_STR_L                           0000002D
E1_STR_H                          00000028
E1_STR_L                          00000027
E2_STR_H                          00000032
E2_STR_L                          00000031
ECCPAS                            0000009C
ECCPAS0                           00000004
ECCPAS1                           00000005
ECCPAS2                           00000006
ECCPASE                           00000007
EEADR                             0000010D
EEADRH                            0000010F
EECON1                            0000018C
EECON2                            0000018D
EEDAT                             0000010C
EEDATA                            0000010C
EEDATH                            0000010E
EEIE                              00000004
EEIF                              00000004
EEPGD                             00000007
END_INT_ZERO_CROSS                0000008D
F                                 00000001
FERR                              00000002
FREQ_CATCHED                      00000061
FREQ_H                            00000023
FREQ_H_TO_COMPARE                 00000026
MPASM 5.87                          PICS.ASM   6-7-2024  22:07:54         PAGE 10


SYMBOL TABLE
  LABEL                             VALUE 

FREQ_L                            00000022
FREQ_L_TO_COMPARE                 00000025
FSR                               00000004
FVREN                             00000000
GCEN                              00000007
GIE                               00000007
GO                                00000001
GO_DONE                           00000001
GO_NOT_DONE                       00000001
G_STR_H                           0000002C
G_STR_L                           0000002B
HTS                               00000002
I2C_DATA                          00000005
I2C_READ                          00000002
I2C_START                         00000003
I2C_STOP                          00000004
INC_FREQ                          00000076
INDF                              00000000
INICIO                            00000005
INT                               0000009F
INTCON                            0000000B
INTE                              00000004
INTEDG                            00000006
INTF                              00000001
IOCB                              00000096
IOCB0                             00000000
IOCB1                             00000001
IOCB2                             00000002
IOCB3                             00000003
IOCB4                             00000004
IOCB5                             00000005
IOCB6                             00000006
IOCB7                             00000007
IRCF0                             00000004
IRCF1                             00000005
IRCF2                             00000006
IRP                               00000007
LTS                               00000001
MAIN                              00000058
MC1OUT                            00000007
MC2OUT                            00000006
MSK                               00000093
MSK0                              00000000
MSK1                              00000001
MSK2                              00000002
MSK3                              00000003
MSK4                              00000004
MSK5                              00000005
MSK6                              00000006
MSK7                              00000007
NOT_A                             00000005
NOT_ADDRESS                       00000005
NOT_BO                            00000000
MPASM 5.87                          PICS.ASM   6-7-2024  22:07:54         PAGE 11


SYMBOL TABLE
  LABEL                             VALUE 

NOT_BOR                           00000000
NOT_DONE                          00000001
NOT_PD                            00000003
NOT_POR                           00000001
NOT_RBPU                          00000007
NOT_RC8                           00000006
NOT_T1SYNC                        00000002
NOT_TO                            00000004
NOT_TX8                           00000006
NOT_W                             00000002
NOT_WRITE                         00000002
OERR                              00000001
OPTION_REG                        00000081
OSCCON                            0000008F
OSCTUNE                           00000090
OSFIE                             00000007
OSFIF                             00000007
OSTS                              00000003
P                                 00000004
P1M0                              00000006
P1M1                              00000007
PCL                               00000002
PCLATH                            0000000A
PCON                              0000008E
PDC0                              00000000
PDC1                              00000001
PDC2                              00000002
PDC3                              00000003
PDC4                              00000004
PDC5                              00000005
PDC6                              00000006
PEIE                              00000006
PEN                               00000002
PIE1                              0000008C
PIE2                              0000008D
PIR1                              0000000C
PIR2                              0000000D
PORTA                             00000005
PORTB                             00000006
PORTC                             00000007
PORTD                             00000008
PORTE                             00000009
PR2                               00000092
PRSEN                             00000007
PS0                               00000000
PS1                               00000001
PS2                               00000002
PSA                               00000003
PSSAC0                            00000002
PSSAC1                            00000003
PSSBD0                            00000000
PSSBD1                            00000001
PSTRCON                           0000009D
MPASM 5.87                          PICS.ASM   6-7-2024  22:07:54         PAGE 12


SYMBOL TABLE
  LABEL                             VALUE 

PULSR                             00000002
PULSS                             00000003
PWM1CON                           0000009B
R                                 00000002
RA0                               00000000
RA1                               00000001
RA2                               00000002
RA3                               00000003
RA4                               00000004
RA5                               00000005
RA6                               00000006
RA7                               00000007
RB0                               00000000
RB1                               00000001
RB2                               00000002
RB3                               00000003
RB4                               00000004
RB5                               00000005
RB6                               00000006
RB7                               00000007
RBIE                              00000003
RBIF                              00000000
RC0                               00000000
RC1                               00000001
RC2                               00000002
RC3                               00000003
RC4                               00000004
RC5                               00000005
RC6                               00000006
RC7                               00000007
RC8_9                             00000006
RC9                               00000006
RCD8                              00000000
RCEN                              00000003
RCIDL                             00000006
RCIE                              00000005
RCIF                              00000005
RCREG                             0000001A
RCSTA                             00000018
RD                                00000000
RD0                               00000000
RD1                               00000001
RD2                               00000002
RD3                               00000003
RD4                               00000004
RD5                               00000005
RD6                               00000006
RD7                               00000007
RE0                               00000000
RE1                               00000001
RE2                               00000002
RE3                               00000003
READ_WRITE                        00000002
MPASM 5.87                          PICS.ASM   6-7-2024  22:07:54         PAGE 13


SYMBOL TABLE
  LABEL                             VALUE 

RETARDO                           00000091
RETARDO2                          00000098
RP0                               00000005
RP1                               00000006
RSEN                              00000001
RX9                               00000006
RX9D                              00000000
R_NOT_W                           00000002
R_W                               00000002
S                                 00000003
SBOREN                            00000004
SCKP                              00000004
SCS                               00000000
SEN                               00000000
SENDB                             00000003
SMP                               00000007
SPBRG                             00000099
SPBRGH                            0000009A
SPEN                              00000007
SR0                               00000006
SR1                               00000007
SRCON                             00000185
SREN                              00000005
SSPADD                            00000093
SSPBUF                            00000013
SSPCON                            00000014
SSPCON2                           00000091
SSPEN                             00000005
SSPIE                             00000003
SSPIF                             00000003
SSPM0                             00000000
SSPM1                             00000001
SSPM2                             00000002
SSPM3                             00000003
SSPMSK                            00000093
SSPOV                             00000006
SSPSTAT                           00000094
STATUS                            00000003
STRA                              00000000
STRB                              00000001
STRC                              00000002
STRD                              00000003
STRSYNC                           00000004
SWDTEN                            00000000
SYNC                              00000004
T0CS                              00000005
T0IE                              00000005
T0IF                              00000002
T0SE                              00000004
T1CKPS0                           00000004
T1CKPS1                           00000005
T1CON                             00000010
T1GINV                            00000007
MPASM 5.87                          PICS.ASM   6-7-2024  22:07:54         PAGE 14


SYMBOL TABLE
  LABEL                             VALUE 

T1GIV                             00000007
T1GSS                             00000001
T1INSYNC                          00000002
T1OSCEN                           00000003
T1SYNC                            00000002
T2CKPS0                           00000000
T2CKPS1                           00000001
T2CON                             00000012
TIMER_Z_CROSS                     00000040
TMR0                              00000001
TMR0IE                            00000005
TMR0IF                            00000002
TMR1                              0000000E
TMR1CS                            00000001
TMR1GE                            00000006
TMR1H                             0000000F
TMR1IE                            00000000
TMR1IF                            00000000
TMR1L                             0000000E
TMR1ON                            00000000
TMR2                              00000011
TMR2IE                            00000001
TMR2IF                            00000001
TMR2ON                            00000002
TOUTPS0                           00000003
TOUTPS1                           00000004
TOUTPS2                           00000005
TOUTPS3                           00000006
TRISA                             00000085
TRISA0                            00000000
TRISA1                            00000001
TRISA2                            00000002
TRISA3                            00000003
TRISA4                            00000004
TRISA5                            00000005
TRISA6                            00000006
TRISA7                            00000007
TRISB                             00000086
TRISB0                            00000000
TRISB1                            00000001
TRISB2                            00000002
TRISB3                            00000003
TRISB4                            00000004
TRISB5                            00000005
TRISB6                            00000006
TRISB7                            00000007
TRISC                             00000087
TRISC0                            00000000
TRISC1                            00000001
TRISC2                            00000002
TRISC3                            00000003
TRISC4                            00000004
TRISC5                            00000005
MPASM 5.87                          PICS.ASM   6-7-2024  22:07:54         PAGE 15


SYMBOL TABLE
  LABEL                             VALUE 

TRISC6                            00000006
TRISC7                            00000007
TRISD                             00000088
TRISD0                            00000000
TRISD1                            00000001
TRISD2                            00000002
TRISD3                            00000003
TRISD4                            00000004
TRISD5                            00000005
TRISD6                            00000006
TRISD7                            00000007
TRISE                             00000089
TRISE0                            00000000
TRISE1                            00000001
TRISE2                            00000002
TRISE3                            00000003
TRMT                              00000001
TUN0                              00000000
TUN1                              00000001
TUN2                              00000002
TUN3                              00000003
TUN4                              00000004
TUNING_STR_H                      00000051
TUNING_STR_L                      00000050
TX8_9                             00000006
TX9                               00000006
TX9D                              00000000
TXD8                              00000000
TXEN                              00000005
TXIE                              00000004
TXIF                              00000004
TXREG                             00000019
TXSTA                             00000098
UA                                00000001
ULPWUE                            00000005
ULPWUIE                           00000002
ULPWUIF                           00000002
VCFG0                             00000004
VCFG1                             00000005
VR0                               00000000
VR1                               00000001
VR2                               00000002
VR3                               00000003
VRCON                             00000097
VREN                              00000007
VROE                              00000006
VRR                               00000005
VRSS                              00000004
W                                 00000000
WCOL                              00000007
WDTCON                            00000105
WDTPS0                            00000001
WDTPS1                            00000002
MPASM 5.87                          PICS.ASM   6-7-2024  22:07:54         PAGE 16


SYMBOL TABLE
  LABEL                             VALUE 

WDTPS2                            00000003
WDTPS3                            00000004
WPUB                              00000095
WPUB0                             00000000
WPUB1                             00000001
WPUB2                             00000002
WPUB3                             00000003
WPUB4                             00000004
WPUB5                             00000005
WPUB6                             00000006
WPUB7                             00000007
WR                                00000001
WREN                              00000002
WRERR                             00000003
WUE                               00000001
Z                                 00000002
_BOR21V                           00003EFF
_BOR40V                           00003FFF
_BOR4V_BOR21V                     00003EFF
_BOR4V_BOR40V                     00003FFF
_BOREN_NSLEEP                     00003EFF
_BOREN_OFF                        00003CFF
_BOREN_ON                         00003FFF
_BOREN_SBODEN                     00003DFF
_BOR_NSLEEP                       00003EFF
_BOR_OFF                          00003CFF
_BOR_ON                           00003FFF
_BOR_SBODEN                       00003DFF
_CONFIG1                          00002007
_CONFIG2                          00002008
_CPD_OFF                          00003FFF
_CPD_ON                           00003F7F
_CP_OFF                           00003FFF
_CP_ON                            00003FBF
_DEBUG_OFF                        00003FFF
_DEBUG_ON                         00001FFF
_DEVID1                           00002006
_EC_OSC                           00003FFB
_EXTRC                            00003FFF
_EXTRCIO                          00003FFE
_EXTRC_OSC_CLKOUT                 00003FFF
_EXTRC_OSC_NOCLKOUT               00003FFE
_FCMEN_OFF                        000037FF
_FCMEN_ON                         00003FFF
_FOSC_EC                          00003FFB
_FOSC_EXTRC_CLKOUT                00003FFF
_FOSC_EXTRC_NOCLKOUT              00003FFE
_FOSC_HS                          00003FFA
_FOSC_INTRC_CLKOUT                00003FFD
_FOSC_INTRC_NOCLKOUT              00003FFC
_FOSC_LP                          00003FF8
_FOSC_XT                          00003FF9
_HS_OSC                           00003FFA
MPASM 5.87                          PICS.ASM   6-7-2024  22:07:54         PAGE 17


SYMBOL TABLE
  LABEL                             VALUE 

_IDLOC0                           00002000
_IDLOC1                           00002001
_IDLOC2                           00002002
_IDLOC3                           00002003
_IESO_OFF                         00003BFF
_IESO_ON                          00003FFF
_INTOSC                           00003FFD
_INTOSCIO                         00003FFC
_INTRC_OSC_CLKOUT                 00003FFD
_INTRC_OSC_NOCLKOUT               00003FFC
_LP_OSC                           00003FF8
_LVP_OFF                          00002FFF
_LVP_ON                           00003FFF
_MCLRE_OFF                        00003FDF
_MCLRE_ON                         00003FFF
_PWRTE_OFF                        00003FFF
_PWRTE_ON                         00003FEF
_WDTE_OFF                         00003FF7
_WDTE_ON                          00003FFF
_WDT_OFF                          00003FF7
_WDT_ON                           00003FFF
_WRT_1FOURTH                      00003BFF
_WRT_256                          00003DFF
_WRT_HALF                         000039FF
_WRT_OFF                          00003FFF
_XT_OSC                           00003FF9
__16F887                          00000001
    RETFIE                        000000A7

Errors   :     0
Warnings :    14 reported,     0 suppressed
Messages :    12 reported,     0 suppressed

