Warning[205] C:\USERS\EMILI\ONEDRIVE\ESCRITORIO\FACU\CUARTO AÑO\ED2\TPFINALED2\COSO.X\PICS.ASM 1 : Found directive in column 1. (LIST)
Warning[207] C:\USERS\EMILI\ONEDRIVE\ESCRITORIO\FACU\CUARTO AÑO\ED2\TPFINALED2\COSO.X\PICS.ASM 10 : Found label after column 1. (TIMER_Z_CROSS)
Warning[207] C:\USERS\EMILI\ONEDRIVE\ESCRITORIO\FACU\CUARTO AÑO\ED2\TPFINALED2\COSO.X\PICS.ASM 11 : Found label after column 1. (TIMER_Z_CROSS_COUNTER)
Warning[207] C:\USERS\EMILI\ONEDRIVE\ESCRITORIO\FACU\CUARTO AÑO\ED2\TPFINALED2\COSO.X\PICS.ASM 12 : Found label after column 1. (BUFFER_TIMER_Z_CROSS_COUNTER)
Warning[207] C:\USERS\EMILI\ONEDRIVE\ESCRITORIO\FACU\CUARTO AÑO\ED2\TPFINALED2\COSO.X\PICS.ASM 13 : Found label after column 1. (STATUS_CONTEXT)
Warning[207] C:\USERS\EMILI\ONEDRIVE\ESCRITORIO\FACU\CUARTO AÑO\ED2\TPFINALED2\COSO.X\PICS.ASM 14 : Found label after column 1. (W_CONTEXT)
Warning[207] C:\USERS\EMILI\ONEDRIVE\ESCRITORIO\FACU\CUARTO AÑO\ED2\TPFINALED2\COSO.X\PICS.ASM 15 : Found label after column 1. (CONTA_Z)
Warning[207] C:\USERS\EMILI\ONEDRIVE\ESCRITORIO\FACU\CUARTO AÑO\ED2\TPFINALED2\COSO.X\PICS.ASM 16 : Found label after column 1. (FREQ_L)
Warning[207] C:\USERS\EMILI\ONEDRIVE\ESCRITORIO\FACU\CUARTO AÑO\ED2\TPFINALED2\COSO.X\PICS.ASM 17 : Found label after column 1. (CONTA)
Warning[207] C:\USERS\EMILI\ONEDRIVE\ESCRITORIO\FACU\CUARTO AÑO\ED2\TPFINALED2\COSO.X\PICS.ASM 18 : Found label after column 1. (AUX)
Warning[207] C:\USERS\EMILI\ONEDRIVE\ESCRITORIO\FACU\CUARTO AÑO\ED2\TPFINALED2\COSO.X\PICS.ASM 19 : Found label after column 1. (FREQ_H)
Warning[207] C:\USERS\EMILI\ONEDRIVE\ESCRITORIO\FACU\CUARTO AÑO\ED2\TPFINALED2\COSO.X\PICS.ASM 20 : Found label after column 1. (FREQ_L_TO_COMPARE)
Warning[207] C:\USERS\EMILI\ONEDRIVE\ESCRITORIO\FACU\CUARTO AÑO\ED2\TPFINALED2\COSO.X\PICS.ASM 21 : Found label after column 1. (FREQ_H_TO_COMPARE)
Warning[207] C:\USERS\EMILI\ONEDRIVE\ESCRITORIO\FACU\CUARTO AÑO\ED2\TPFINALED2\COSO.X\PICS.ASM 22 : Found label after column 1. (TUNING_STR_L)
Warning[207] C:\USERS\EMILI\ONEDRIVE\ESCRITORIO\FACU\CUARTO AÑO\ED2\TPFINALED2\COSO.X\PICS.ASM 23 : Found label after column 1. (TUNING_STR_H)
Warning[207] C:\USERS\EMILI\ONEDRIVE\ESCRITORIO\FACU\CUARTO AÑO\ED2\TPFINALED2\COSO.X\PICS.ASM 24 : Found label after column 1. (DIF_FREQ_L)
Warning[207] C:\USERS\EMILI\ONEDRIVE\ESCRITORIO\FACU\CUARTO AÑO\ED2\TPFINALED2\COSO.X\PICS.ASM 25 : Found label after column 1. (DIF_FREQ_H)
Warning[207] C:\USERS\EMILI\ONEDRIVE\ESCRITORIO\FACU\CUARTO AÑO\ED2\TPFINALED2\COSO.X\PICS.ASM 26 : Found label after column 1. (TUNING_STATUS_REGISTER)
Warning[207] C:\USERS\EMILI\ONEDRIVE\ESCRITORIO\FACU\CUARTO AÑO\ED2\TPFINALED2\COSO.X\PICS.ASM 34 : Found label after column 1. (BUFFER_TO_TX)
Warning[207] C:\USERS\EMILI\ONEDRIVE\ESCRITORIO\FACU\CUARTO AÑO\ED2\TPFINALED2\COSO.X\PICS.ASM 37 : Found label after column 1. (BUFFER_MASK)
Warning[207] C:\USERS\EMILI\ONEDRIVE\ESCRITORIO\FACU\CUARTO AÑO\ED2\TPFINALED2\COSO.X\PICS.ASM 38 : Found label after column 1. (TUNING_OUTPUT)
Warning[207] C:\USERS\EMILI\ONEDRIVE\ESCRITORIO\FACU\CUARTO AÑO\ED2\TPFINALED2\COSO.X\PICS.ASM 39 : Found label after column 1. (TUNER_STEP)
Warning[207] C:\USERS\EMILI\ONEDRIVE\ESCRITORIO\FACU\CUARTO AÑO\ED2\TPFINALED2\COSO.X\PICS.ASM 40 : Found label after column 1. (TUNER_STEP_2)
Warning[207] C:\USERS\EMILI\ONEDRIVE\ESCRITORIO\FACU\CUARTO AÑO\ED2\TPFINALED2\COSO.X\PICS.ASM 41 : Found label after column 1. (TUNER_STEP_3)
Message[302] C:\USERS\EMILI\ONEDRIVE\ESCRITORIO\FACU\CUARTO AÑO\ED2\TPFINALED2\COSO.X\PICS.ASM 140 : Register in operand not in bank 0.  Ensure that bank bits are correct.
Message[302] C:\USERS\EMILI\ONEDRIVE\ESCRITORIO\FACU\CUARTO AÑO\ED2\TPFINALED2\COSO.X\PICS.ASM 141 : Register in operand not in bank 0.  Ensure that bank bits are correct.
Message[302] C:\USERS\EMILI\ONEDRIVE\ESCRITORIO\FACU\CUARTO AÑO\ED2\TPFINALED2\COSO.X\PICS.ASM 143 : Register in operand not in bank 0.  Ensure that bank bits are correct.
Message[302] C:\USERS\EMILI\ONEDRIVE\ESCRITORIO\FACU\CUARTO AÑO\ED2\TPFINALED2\COSO.X\PICS.ASM 145 : Register in operand not in bank 0.  Ensure that bank bits are correct.
Message[302] C:\USERS\EMILI\ONEDRIVE\ESCRITORIO\FACU\CUARTO AÑO\ED2\TPFINALED2\COSO.X\PICS.ASM 148 : Register in operand not in bank 0.  Ensure that bank bits are correct.
Message[302] C:\USERS\EMILI\ONEDRIVE\ESCRITORIO\FACU\CUARTO AÑO\ED2\TPFINALED2\COSO.X\PICS.ASM 162 : Register in operand not in bank 0.  Ensure that bank bits are correct.
Message[302] C:\USERS\EMILI\ONEDRIVE\ESCRITORIO\FACU\CUARTO AÑO\ED2\TPFINALED2\COSO.X\PICS.ASM 172 : Register in operand not in bank 0.  Ensure that bank bits are correct.
Message[302] C:\USERS\EMILI\ONEDRIVE\ESCRITORIO\FACU\CUARTO AÑO\ED2\TPFINALED2\COSO.X\PICS.ASM 174 : Register in operand not in bank 0.  Ensure that bank bits are correct.
Message[302] C:\USERS\EMILI\ONEDRIVE\ESCRITORIO\FACU\CUARTO AÑO\ED2\TPFINALED2\COSO.X\PICS.ASM 187 : Register in operand not in bank 0.  Ensure that bank bits are correct.
Message[305] C:\USERS\EMILI\ONEDRIVE\ESCRITORIO\FACU\CUARTO AÑO\ED2\TPFINALED2\COSO.X\PICS.ASM 528 : Using default destination of 1 (file).
Message[305] C:\USERS\EMILI\ONEDRIVE\ESCRITORIO\FACU\CUARTO AÑO\ED2\TPFINALED2\COSO.X\PICS.ASM 602 : Using default destination of 1 (file).
Warning[205] C:\USERS\EMILI\ONEDRIVE\ESCRITORIO\FACU\CUARTO AÑO\ED2\TPFINALED2\COSO.X\PICS.ASM 621 : Found directive in column 1. (END)
