Warning[205] C:\USERS\EMILI\ONEDRIVE\ESCRITORIO\FACU\CUARTO AÑO\ED2\TPFINALED2\COSO.X\PICS.ASM 1 : Found directive in column 1. (LIST)
Warning[207] C:\USERS\EMILI\ONEDRIVE\ESCRITORIO\FACU\CUARTO AÑO\ED2\TPFINALED2\COSO.X\PICS.ASM 10 : Found label after column 1. (TIMER_Z_CROSS)
Warning[207] C:\USERS\EMILI\ONEDRIVE\ESCRITORIO\FACU\CUARTO AÑO\ED2\TPFINALED2\COSO.X\PICS.ASM 12 : Found label after column 1. (CONTA_Z)
Warning[207] C:\USERS\EMILI\ONEDRIVE\ESCRITORIO\FACU\CUARTO AÑO\ED2\TPFINALED2\COSO.X\PICS.ASM 13 : Found label after column 1. (FREQ_L)
Warning[207] C:\USERS\EMILI\ONEDRIVE\ESCRITORIO\FACU\CUARTO AÑO\ED2\TPFINALED2\COSO.X\PICS.ASM 14 : Found label after column 1. (CONTA)
Warning[207] C:\USERS\EMILI\ONEDRIVE\ESCRITORIO\FACU\CUARTO AÑO\ED2\TPFINALED2\COSO.X\PICS.ASM 15 : Found label after column 1. (AUX)
Warning[207] C:\USERS\EMILI\ONEDRIVE\ESCRITORIO\FACU\CUARTO AÑO\ED2\TPFINALED2\COSO.X\PICS.ASM 16 : Found label after column 1. (FREQ_H)
Warning[207] C:\USERS\EMILI\ONEDRIVE\ESCRITORIO\FACU\CUARTO AÑO\ED2\TPFINALED2\COSO.X\PICS.ASM 17 : Found label after column 1. (FREQ_L_TO_COMPARE)
Warning[207] C:\USERS\EMILI\ONEDRIVE\ESCRITORIO\FACU\CUARTO AÑO\ED2\TPFINALED2\COSO.X\PICS.ASM 18 : Found label after column 1. (FREQ_H_TO_COMPARE)
Warning[207] C:\USERS\EMILI\ONEDRIVE\ESCRITORIO\FACU\CUARTO AÑO\ED2\TPFINALED2\COSO.X\PICS.ASM 19 : Found label after column 1. (TUNING_STR_L)
Warning[207] C:\USERS\EMILI\ONEDRIVE\ESCRITORIO\FACU\CUARTO AÑO\ED2\TPFINALED2\COSO.X\PICS.ASM 20 : Found label after column 1. (TUNING_STR_H)
Warning[207] C:\USERS\EMILI\ONEDRIVE\ESCRITORIO\FACU\CUARTO AÑO\ED2\TPFINALED2\COSO.X\PICS.ASM 21 : Found label after column 1. (DIF_FREQ_L)
Warning[207] C:\USERS\EMILI\ONEDRIVE\ESCRITORIO\FACU\CUARTO AÑO\ED2\TPFINALED2\COSO.X\PICS.ASM 22 : Found label after column 1. (DIF_FREQ_H)
Warning[207] C:\USERS\EMILI\ONEDRIVE\ESCRITORIO\FACU\CUARTO AÑO\ED2\TPFINALED2\COSO.X\PICS.ASM 23 : Found label after column 1. (TUNING_STATUS_REGISTER)
Message[302] C:\USERS\EMILI\ONEDRIVE\ESCRITORIO\FACU\CUARTO AÑO\ED2\TPFINALED2\COSO.X\PICS.ASM 97 : Register in operand not in bank 0.  Ensure that bank bits are correct.
Message[302] C:\USERS\EMILI\ONEDRIVE\ESCRITORIO\FACU\CUARTO AÑO\ED2\TPFINALED2\COSO.X\PICS.ASM 98 : Register in operand not in bank 0.  Ensure that bank bits are correct.
Message[302] C:\USERS\EMILI\ONEDRIVE\ESCRITORIO\FACU\CUARTO AÑO\ED2\TPFINALED2\COSO.X\PICS.ASM 100 : Register in operand not in bank 0.  Ensure that bank bits are correct.
Message[302] C:\USERS\EMILI\ONEDRIVE\ESCRITORIO\FACU\CUARTO AÑO\ED2\TPFINALED2\COSO.X\PICS.ASM 102 : Register in operand not in bank 0.  Ensure that bank bits are correct.
Message[302] C:\USERS\EMILI\ONEDRIVE\ESCRITORIO\FACU\CUARTO AÑO\ED2\TPFINALED2\COSO.X\PICS.ASM 105 : Register in operand not in bank 0.  Ensure that bank bits are correct.
Message[302] C:\USERS\EMILI\ONEDRIVE\ESCRITORIO\FACU\CUARTO AÑO\ED2\TPFINALED2\COSO.X\PICS.ASM 119 : Register in operand not in bank 0.  Ensure that bank bits are correct.
Message[302] C:\USERS\EMILI\ONEDRIVE\ESCRITORIO\FACU\CUARTO AÑO\ED2\TPFINALED2\COSO.X\PICS.ASM 120 : Register in operand not in bank 0.  Ensure that bank bits are correct.
Message[302] C:\USERS\EMILI\ONEDRIVE\ESCRITORIO\FACU\CUARTO AÑO\ED2\TPFINALED2\COSO.X\PICS.ASM 141 : Register in operand not in bank 0.  Ensure that bank bits are correct.
Message[305] C:\USERS\EMILI\ONEDRIVE\ESCRITORIO\FACU\CUARTO AÑO\ED2\TPFINALED2\COSO.X\PICS.ASM 246 : Using default destination of 1 (file).
Message[305] C:\USERS\EMILI\ONEDRIVE\ESCRITORIO\FACU\CUARTO AÑO\ED2\TPFINALED2\COSO.X\PICS.ASM 286 : Using default destination of 1 (file).
Message[305] C:\USERS\EMILI\ONEDRIVE\ESCRITORIO\FACU\CUARTO AÑO\ED2\TPFINALED2\COSO.X\PICS.ASM 304 : Using default destination of 1 (file).
Message[305] C:\USERS\EMILI\ONEDRIVE\ESCRITORIO\FACU\CUARTO AÑO\ED2\TPFINALED2\COSO.X\PICS.ASM 312 : Using default destination of 1 (file).
Warning[205] C:\USERS\EMILI\ONEDRIVE\ESCRITORIO\FACU\CUARTO AÑO\ED2\TPFINALED2\COSO.X\PICS.ASM 326 : Found directive in column 1. (END)
